<?xml version="1.0" encoding="UTF-8"?>
<coverage generated="1528203741942" clover="3.2.0">
  <project timestamp="1528203741942" name="All files">
    <metrics statements="9" coveredstatements="9" conditionals="6" coveredconditionals="6" methods="1" coveredmethods="1" elements="16" coveredelements="16" complexity="0" loc="9" ncloc="9" packages="1" files="1" classes="1">
      <file name="anonymizeIp.js" path="/home/tobi/Code/ip-anonymizr/src/anonymizeIp.js">
        <metrics statements="9" coveredstatements="9" conditionals="6" coveredconditionals="6" methods="1" coveredmethods="1"/>
        <line num="1" count="1" type="stmt"/>
        <line num="3" count="1" type="stmt"/>
        <line num="4" count="4" type="cond" truecount="2" falsecount="0"/>
        <line num="5" count="1" type="stmt"/>
        <line num="6" count="1" type="stmt"/>
        <line num="8" count="3" type="cond" truecount="2" falsecount="0"/>
        <line num="9" count="2" type="cond" truecount="2" falsecount="0"/>
        <line num="13" count="1" type="stmt"/>
        <line num="16" count="1" type="stmt"/>
      </file>
    </metrics>
  </project>
</coverage>
