{"/home/tobi/Code/ip-anonymizr/src/anonymizeIp.js": {"path":"/home/tobi/Code/ip-anonymizr/src/anonymizeIp.js","statementMap":{"0":{"start":{"line":1,"column":19},"end":{"line":1,"column":38}},"1":{"start":{"line":3,"column":17},"end":{"line":4,"column":44}},"2":{"start":{"line":3,"column":25},"end":{"line":4,"column":44}},"3":{"start":{"line":4,"column":1},"end":{"line":4,"column":44}},"4":{"start":{"line":6,"column":20},"end":{"line":19,"column":1}},"5":{"start":{"line":7,"column":1},"end":{"line":12,"column":2}},"6":{"start":{"line":8,"column":15},"end":{"line":8,"column":31}},"7":{"start":{"line":9,"column":2},"end":{"line":11,"column":14}},"8":{"start":{"line":13,"column":1},"end":{"line":17,"column":2}},"9":{"start":{"line":14,"column":2},"end":{"line":16,"column":57}},"10":{"start":{"line":18,"column":1},"end":{"line":18,"column":13}},"11":{"start":{"line":21,"column":0},"end":{"line":21,"column":29}}},"fnMap":{"0":{"name":"(anonymous_0)","decl":{"start":{"line":3,"column":17},"end":{"line":3,"column":18}},"loc":{"start":{"line":3,"column":25},"end":{"line":4,"column":44}},"line":3},"1":{"name":"(anonymous_1)","decl":{"start":{"line":3,"column":25},"end":{"line":3,"column":26}},"loc":{"start":{"line":4,"column":1},"end":{"line":4,"column":44}},"line":4},"2":{"name":"(anonymous_2)","decl":{"start":{"line":6,"column":20},"end":{"line":6,"column":21}},"loc":{"start":{"line":6,"column":37},"end":{"line":19,"column":1}},"line":6}},"branchMap":{"0":{"loc":{"start":{"line":7,"column":1},"end":{"line":12,"column":2}},"type":"if","locations":[{"start":{"line":7,"column":1},"end":{"line":12,"column":2}},{"start":{"line":7,"column":1},"end":{"line":12,"column":2}}],"line":7},"1":{"loc":{"start":{"line":13,"column":1},"end":{"line":17,"column":2}},"type":"if","locations":[{"start":{"line":13,"column":1},"end":{"line":17,"column":2}},{"start":{"line":13,"column":1},"end":{"line":17,"column":2}}],"line":13},"2":{"loc":{"start":{"line":14,"column":9},"end":{"line":16,"column":56}},"type":"cond-expr","locations":[{"start":{"line":15,"column":5},"end":{"line":15,"column":42}},{"start":{"line":16,"column":5},"end":{"line":16,"column":56}}],"line":14}},"s":{"0":1,"1":1,"2":1,"3":4,"4":1,"5":4,"6":1,"7":1,"8":3,"9":2,"10":1,"11":1},"f":{"0":1,"1":4,"2":4},"b":{"0":[1,3],"1":[2,1],"2":[1,1]},"_coverageSchema":"332fd63041d2c1bcb487cc26dd0d5f7d97098a6c","hash":"2f2dbebf791bfd85d71529676c1981977501856b"}
}
